<?xml version="1.0" encoding="UTF-8"?>
<testsuite xmlns:xsi="http://www.w3.org/2001/XMLSchema-instance" xsi:noNamespaceSchemaLocation="https://maven.apache.org/surefire/maven-surefire-plugin/xsd/surefire-test-report-3.0.xsd" version="3.0" name="io.test.domain.RectangularRoomUT" time="0.003" tests="2" errors="0" skipped="0" failures="0">
  <properties>
    <property name="sun.desktop" value="windows"/>
    <property name="awt.toolkit" value="sun.awt.windows.WToolkit"/>
    <property name="java.specification.version" value="12"/>
    <property name="sun.cpu.isalist" value="amd64"/>
    <property name="sun.jnu.encoding" value="Cp1250"/>
    <property name="java.class.path" value="C:\workspace\gscf\wallpaper-provider\target\test-classes;C:\workspace\gscf\wallpaper-provider\target\classes;C:\Users\garli\.m2\repository\org\slf4j\slf4j-api\1.7.30\slf4j-api-1.7.30.jar;C:\Users\garli\.m2\repository\org\projectlombok\lombok\1.18.12\lombok-1.18.12.jar;C:\Users\garli\.m2\repository\org\codehaus\groovy\groovy\3.0.5\groovy-3.0.5.jar;C:\Users\garli\.m2\repository\org\codehaus\groovy\groovy-ant\3.0.5\groovy-ant-3.0.5.jar;C:\Users\garli\.m2\repository\org\apache\ant\ant\1.10.8\ant-1.10.8.jar;C:\Users\garli\.m2\repository\org\apache\ant\ant-junit\1.10.8\ant-junit-1.10.8.jar;C:\Users\garli\.m2\repository\org\apache\ant\ant-launcher\1.10.8\ant-launcher-1.10.8.jar;C:\Users\garli\.m2\repository\org\apache\ant\ant-antlr\1.10.8\ant-antlr-1.10.8.jar;C:\Users\garli\.m2\repository\org\codehaus\groovy\groovy-astbuilder\3.0.5\groovy-astbuilder-3.0.5.jar;C:\Users\garli\.m2\repository\org\codehaus\groovy\groovy-cli-picocli\3.0.5\groovy-cli-picocli-3.0.5.jar;C:\Users\garli\.m2\repository\info\picocli\picocli\4.4.0\picocli-4.4.0.jar;C:\Users\garli\.m2\repository\org\codehaus\groovy\groovy-console\3.0.5\groovy-console-3.0.5.jar;C:\Users\garli\.m2\repository\org\codehaus\groovy\groovy-datetime\3.0.5\groovy-datetime-3.0.5.jar;C:\Users\garli\.m2\repository\org\codehaus\groovy\groovy-docgenerator\3.0.5\groovy-docgenerator-3.0.5.jar;C:\Users\garli\.m2\repository\com\thoughtworks\qdox\qdox\1.12.1\qdox-1.12.1.jar;C:\Users\garli\.m2\repository\org\codehaus\groovy\groovy-groovydoc\3.0.5\groovy-groovydoc-3.0.5.jar;C:\Users\garli\.m2\repository\com\github\javaparser\javaparser-core\3.16.1\javaparser-core-3.16.1.jar;C:\Users\garli\.m2\repository\org\codehaus\groovy\groovy-groovysh\3.0.5\groovy-groovysh-3.0.5.jar;C:\Users\garli\.m2\repository\jline\jline\2.14.6\jline-2.14.6.jar;C:\Users\garli\.m2\repository\org\codehaus\groovy\groovy-jmx\3.0.5\groovy-jmx-3.0.5.jar;C:\Users\garli\.m2\repository\org\codehaus\groovy\groovy-json\3.0.5\groovy-json-3.0.5.jar;C:\Users\garli\.m2\repository\org\codehaus\groovy\groovy-jsr223\3.0.5\groovy-jsr223-3.0.5.jar;C:\Users\garli\.m2\repository\org\codehaus\groovy\groovy-macro\3.0.5\groovy-macro-3.0.5.jar;C:\Users\garli\.m2\repository\org\codehaus\groovy\groovy-nio\3.0.5\groovy-nio-3.0.5.jar;C:\Users\garli\.m2\repository\org\codehaus\groovy\groovy-servlet\3.0.5\groovy-servlet-3.0.5.jar;C:\Users\garli\.m2\repository\org\codehaus\groovy\groovy-sql\3.0.5\groovy-sql-3.0.5.jar;C:\Users\garli\.m2\repository\org\codehaus\groovy\groovy-swing\3.0.5\groovy-swing-3.0.5.jar;C:\Users\garli\.m2\repository\org\codehaus\groovy\groovy-templates\3.0.5\groovy-templates-3.0.5.jar;C:\Users\garli\.m2\repository\org\codehaus\groovy\groovy-test\3.0.5\groovy-test-3.0.5.jar;C:\Users\garli\.m2\repository\org\codehaus\groovy\groovy-test-junit5\3.0.5\groovy-test-junit5-3.0.5.jar;C:\Users\garli\.m2\repository\org\junit\jupiter\junit-jupiter-api\5.6.2\junit-jupiter-api-5.6.2.jar;C:\Users\garli\.m2\repository\org\junit\platform\junit-platform-launcher\1.6.2\junit-platform-launcher-1.6.2.jar;C:\Users\garli\.m2\repository\org\junit\jupiter\junit-jupiter-engine\5.6.2\junit-jupiter-engine-5.6.2.jar;C:\Users\garli\.m2\repository\org\codehaus\groovy\groovy-xml\3.0.5\groovy-xml-3.0.5.jar;C:\Users\garli\.m2\repository\org\spockframework\spock-core\2.0-M3-groovy-3.0\spock-core-2.0-M3-groovy-3.0.jar;C:\Users\garli\.m2\repository\org\junit\platform\junit-platform-engine\1.7.0-M1\junit-platform-engine-1.7.0-M1.jar;C:\Users\garli\.m2\repository\org\apiguardian\apiguardian-api\1.1.0\apiguardian-api-1.1.0.jar;C:\Users\garli\.m2\repository\org\opentest4j\opentest4j\1.2.0\opentest4j-1.2.0.jar;C:\Users\garli\.m2\repository\org\junit\platform\junit-platform-commons\1.7.0-M1\junit-platform-commons-1.7.0-M1.jar;C:\Users\garli\.m2\repository\org\hamcrest\hamcrest-core\2.2\hamcrest-core-2.2.jar;C:\Users\garli\.m2\repository\org\hamcrest\hamcrest\2.2\hamcrest-2.2.jar;C:\Users\garli\.m2\repository\org\spockframework\spock-junit4\2.0-M3-groovy-3.0\spock-junit4-2.0-M3-groovy-3.0.jar;C:\Users\garli\.m2\repository\junit\junit\4.13\junit-4.13.jar;"/>
    <property name="java.vm.vendor" value="Oracle Corporation"/>
    <property name="sun.arch.data.model" value="64"/>
    <property name="user.variant" value=""/>
    <property name="java.vendor.url" value="https://java.oracle.com/"/>
    <property name="user.timezone" value="Europe/Warsaw"/>
    <property name="os.name" value="Windows 10"/>
    <property name="java.vm.specification.version" value="12"/>
    <property name="sun.java.launcher" value="SUN_STANDARD"/>
    <property name="user.country" value="PL"/>
    <property name="sun.boot.library.path" value="C:\Program Files\Java\jdk-12.0.2\bin"/>
    <property name="sun.java.command" value="C:\Users\garli\AppData\Local\Temp\surefire425339874013981073\surefirebooter7737636830963826178.jar C:\Users\garli\AppData\Local\Temp\surefire425339874013981073 2020-09-26T14-21-30_886-jvmRun1 surefire14070012793525215087tmp surefire_014246287626816459075tmp"/>
    <property name="jdk.debug" value="release"/>
    <property name="surefire.test.class.path" value="C:\workspace\gscf\wallpaper-provider\target\test-classes;C:\workspace\gscf\wallpaper-provider\target\classes;C:\Users\garli\.m2\repository\org\slf4j\slf4j-api\1.7.30\slf4j-api-1.7.30.jar;C:\Users\garli\.m2\repository\org\projectlombok\lombok\1.18.12\lombok-1.18.12.jar;C:\Users\garli\.m2\repository\org\codehaus\groovy\groovy\3.0.5\groovy-3.0.5.jar;C:\Users\garli\.m2\repository\org\codehaus\groovy\groovy-ant\3.0.5\groovy-ant-3.0.5.jar;C:\Users\garli\.m2\repository\org\apache\ant\ant\1.10.8\ant-1.10.8.jar;C:\Users\garli\.m2\repository\org\apache\ant\ant-junit\1.10.8\ant-junit-1.10.8.jar;C:\Users\garli\.m2\repository\org\apache\ant\ant-launcher\1.10.8\ant-launcher-1.10.8.jar;C:\Users\garli\.m2\repository\org\apache\ant\ant-antlr\1.10.8\ant-antlr-1.10.8.jar;C:\Users\garli\.m2\repository\org\codehaus\groovy\groovy-astbuilder\3.0.5\groovy-astbuilder-3.0.5.jar;C:\Users\garli\.m2\repository\org\codehaus\groovy\groovy-cli-picocli\3.0.5\groovy-cli-picocli-3.0.5.jar;C:\Users\garli\.m2\repository\info\picocli\picocli\4.4.0\picocli-4.4.0.jar;C:\Users\garli\.m2\repository\org\codehaus\groovy\groovy-console\3.0.5\groovy-console-3.0.5.jar;C:\Users\garli\.m2\repository\org\codehaus\groovy\groovy-datetime\3.0.5\groovy-datetime-3.0.5.jar;C:\Users\garli\.m2\repository\org\codehaus\groovy\groovy-docgenerator\3.0.5\groovy-docgenerator-3.0.5.jar;C:\Users\garli\.m2\repository\com\thoughtworks\qdox\qdox\1.12.1\qdox-1.12.1.jar;C:\Users\garli\.m2\repository\org\codehaus\groovy\groovy-groovydoc\3.0.5\groovy-groovydoc-3.0.5.jar;C:\Users\garli\.m2\repository\com\github\javaparser\javaparser-core\3.16.1\javaparser-core-3.16.1.jar;C:\Users\garli\.m2\repository\org\codehaus\groovy\groovy-groovysh\3.0.5\groovy-groovysh-3.0.5.jar;C:\Users\garli\.m2\repository\jline\jline\2.14.6\jline-2.14.6.jar;C:\Users\garli\.m2\repository\org\codehaus\groovy\groovy-jmx\3.0.5\groovy-jmx-3.0.5.jar;C:\Users\garli\.m2\repository\org\codehaus\groovy\groovy-json\3.0.5\groovy-json-3.0.5.jar;C:\Users\garli\.m2\repository\org\codehaus\groovy\groovy-jsr223\3.0.5\groovy-jsr223-3.0.5.jar;C:\Users\garli\.m2\repository\org\codehaus\groovy\groovy-macro\3.0.5\groovy-macro-3.0.5.jar;C:\Users\garli\.m2\repository\org\codehaus\groovy\groovy-nio\3.0.5\groovy-nio-3.0.5.jar;C:\Users\garli\.m2\repository\org\codehaus\groovy\groovy-servlet\3.0.5\groovy-servlet-3.0.5.jar;C:\Users\garli\.m2\repository\org\codehaus\groovy\groovy-sql\3.0.5\groovy-sql-3.0.5.jar;C:\Users\garli\.m2\repository\org\codehaus\groovy\groovy-swing\3.0.5\groovy-swing-3.0.5.jar;C:\Users\garli\.m2\repository\org\codehaus\groovy\groovy-templates\3.0.5\groovy-templates-3.0.5.jar;C:\Users\garli\.m2\repository\org\codehaus\groovy\groovy-test\3.0.5\groovy-test-3.0.5.jar;C:\Users\garli\.m2\repository\org\codehaus\groovy\groovy-test-junit5\3.0.5\groovy-test-junit5-3.0.5.jar;C:\Users\garli\.m2\repository\org\junit\jupiter\junit-jupiter-api\5.6.2\junit-jupiter-api-5.6.2.jar;C:\Users\garli\.m2\repository\org\junit\platform\junit-platform-launcher\1.6.2\junit-platform-launcher-1.6.2.jar;C:\Users\garli\.m2\repository\org\junit\jupiter\junit-jupiter-engine\5.6.2\junit-jupiter-engine-5.6.2.jar;C:\Users\garli\.m2\repository\org\codehaus\groovy\groovy-xml\3.0.5\groovy-xml-3.0.5.jar;C:\Users\garli\.m2\repository\org\spockframework\spock-core\2.0-M3-groovy-3.0\spock-core-2.0-M3-groovy-3.0.jar;C:\Users\garli\.m2\repository\org\junit\platform\junit-platform-engine\1.7.0-M1\junit-platform-engine-1.7.0-M1.jar;C:\Users\garli\.m2\repository\org\apiguardian\apiguardian-api\1.1.0\apiguardian-api-1.1.0.jar;C:\Users\garli\.m2\repository\org\opentest4j\opentest4j\1.2.0\opentest4j-1.2.0.jar;C:\Users\garli\.m2\repository\org\junit\platform\junit-platform-commons\1.7.0-M1\junit-platform-commons-1.7.0-M1.jar;C:\Users\garli\.m2\repository\org\hamcrest\hamcrest-core\2.2\hamcrest-core-2.2.jar;C:\Users\garli\.m2\repository\org\hamcrest\hamcrest\2.2\hamcrest-2.2.jar;C:\Users\garli\.m2\repository\org\spockframework\spock-junit4\2.0-M3-groovy-3.0\spock-junit4-2.0-M3-groovy-3.0.jar;C:\Users\garli\.m2\repository\junit\junit\4.13\junit-4.13.jar;"/>
    <property name="sun.cpu.endian" value="little"/>
    <property name="user.home" value="C:\Users\garli"/>
    <property name="user.language" value="pl"/>
    <property name="java.specification.vendor" value="Oracle Corporation"/>
    <property name="java.version.date" value="2019-07-16"/>
    <property name="java.home" value="C:\Program Files\Java\jdk-12.0.2"/>
    <property name="file.separator" value="\"/>
    <property name="basedir" value="C:\workspace\gscf\wallpaper-provider"/>
    <property name="java.vm.compressedOopsMode" value="Zero based"/>
    <property name="line.separator" value="&#10;"/>
    <property name="java.vm.specification.vendor" value="Oracle Corporation"/>
    <property name="java.specification.name" value="Java Platform API Specification"/>
    <property name="java.awt.graphicsenv" value="sun.awt.Win32GraphicsEnvironment"/>
    <property name="surefire.real.class.path" value="C:\Users\garli\AppData\Local\Temp\surefire425339874013981073\surefirebooter7737636830963826178.jar"/>
    <property name="user.script" value=""/>
    <property name="sun.management.compiler" value="HotSpot 64-Bit Tiered Compilers"/>
    <property name="java.runtime.version" value="12.0.2+10"/>
    <property name="user.name" value="garli"/>
    <property name="path.separator" value=";"/>
    <property name="os.version" value="10.0"/>
    <property name="java.runtime.name" value="OpenJDK Runtime Environment"/>
    <property name="file.encoding" value="Cp1250"/>
    <property name="java.vm.name" value="OpenJDK 64-Bit Server VM"/>
    <property name="localRepository" value="C:\Users\garli\.m2\repository"/>
    <property name="java.vendor.url.bug" value="https://bugreport.java.com/bugreport/"/>
    <property name="java.io.tmpdir" value="C:\Users\garli\AppData\Local\Temp\"/>
    <property name="java.version" value="12.0.2"/>
    <property name="user.dir" value="C:\workspace\gscf\wallpaper-provider"/>
    <property name="os.arch" value="amd64"/>
    <property name="java.vm.specification.name" value="Java Virtual Machine Specification"/>
    <property name="sun.os.patch.level" value=""/>
    <property name="java.library.path" value="C:\Program Files\Java\jdk-12.0.2\bin;C:\WINDOWS\Sun\Java\bin;C:\WINDOWS\system32;C:\WINDOWS;C:\Users\garli\bin;C:\Program Files\Git\mingw64\bin;C:\Program Files\Git\usr\local\bin;C:\Program Files\Git\usr\bin;C:\Program Files\Git\usr\bin;C:\Program Files\Git\mingw64\bin;C:\Program Files\Git\usr\bin;C:\Users\garli\bin;C:\Python27;C:\Python27\Scripts;C:\ProgramData\DockerDesktop\version-bin;C:\Program Files\Docker\Docker\Resources\bin;C:\Program Files (x86)\Common Files\Oracle\Java\javapath;C:\WINDOWS\system32;C:\WINDOWS;C:\WINDOWS\System32\Wbem;C:\WINDOWS\System32\WindowsPowerShell\v1.0;C:\WINDOWS\System32\OpenSSH;C:\Program Files\Git\cmd;C:\Program Files\Git\mingw64\bin;C:\Program Files\Git\usr\bin;C:\Program Files (x86)\sbt\bin;C:\Program Files (x86)\Google\Cloud SDK\google-cloud-sdk\bin;C:\Program Files\nodejs;C:\ProgramData\chocolatey\bin;C:\Ruby25-x64\bin;C:\Users\garli\AppData\Local\Microsoft\WindowsApps;C:\Program Files\JetBrains\IntelliJ IDEA 2019.1.2\bin;C:\Program Files\Java\jdk-12.0.2\bin;C:\Users\garli\AppData\Roaming\npm;C:\Program Files\Heroku\bin;C:\apache\bin;C:\Program Files\Git\usr\bin\vendor_perl;C:\Program Files\Git\usr\bin\core_perl;."/>
    <property name="java.vm.info" value="mixed mode, sharing"/>
    <property name="java.vendor" value="Oracle Corporation"/>
    <property name="java.vm.version" value="12.0.2+10"/>
    <property name="sun.io.unicode.encoding" value="UnicodeLittle"/>
    <property name="java.class.version" value="56.0"/>
  </properties>
  <testcase name="should calculate room area" classname="io.test.domain.RectangularRoomUT" time="0.001"/>
  <testcase name="should calculate smallest side area" classname="io.test.domain.RectangularRoomUT" time="0"/>
</testsuite>